<?xml version="1.0" encoding="UTF-8"?>
<!-- Generated by org.testng.reporters.JUnitReportReporter -->
<testsuite hostname="DESKTOP-Q39NDVJ" name="Log4j.Testlog4j" tests="1" failures="0" timestamp="14 Mar 2018 12:14:17 GMT" time="0.013" errors="0">
  <testcase name="testlogin" time="0.013" classname="Log4j.Testlog4j"/>
</testsuite> <!-- Log4j.Testlog4j -->
