<?xml version="1.0" encoding="UTF-8"?>
<!-- Generated by org.testng.reporters.JUnitReportReporter -->
<testsuite hostname="DESKTOP-Q39NDVJ" name="TestScript.NewTest" tests="1" failures="0" timestamp="12 Mar 2018 23:36:53 GMT" time="43.102" errors="0">
  <testcase name="f" time="43.102" classname="TestScript.NewTest"/>
</testsuite> <!-- TestScript.NewTest -->
